<?xml version="1.0" encoding="UTF-8"?>
<!-- Generated by org.testng.reporters.JUnitReportReporter -->
<testsuite hostname="Lisandros-MacBook-Pro.local" failures="0" tests="2" name="tests.Amazon" time="24.849" errors="0" timestamp="17 Dec 2021 18:23:21 GMT" skipped="0">
  <testcase classname="tests.Amazon" name="AmazonValidation" time="14.651"/>
  <testcase classname="tests.Amazon" name="Amazon" time="10.198"/>
</testsuite> <!-- tests.Amazon -->
