<?xml version="1.0" encoding="UTF-8"?>
<!-- Generated by org.testng.reporters.JUnitReportReporter -->
<testsuite hostname="Lisandros-MacBook-Pro.local" failures="0" tests="2" name="tests.AmazonSearch" time="16.859" errors="0" timestamp="17 Dec 2021 23:25:46 GMT" skipped="0">
  <testcase classname="tests.AmazonSearch" name="selectItem" time="4.630"/>
  <testcase classname="tests.AmazonSearch" name="AmazonSearch" time="12.229"/>
</testsuite> <!-- tests.AmazonSearch -->
