<?xml version="1.0" encoding="UTF-8"?>
<!-- Generated by org.testng.reporters.JUnitReportReporter -->
<testsuite hostname="Lisandros-MacBook-Pro.local" failures="0" tests="1" name="tests.Amazon" time="14.639" errors="0" timestamp="17 Dec 2021 16:46:29 GMT" skipped="0">
  <testcase classname="tests.Amazon" name="Amazon" time="14.639"/>
</testsuite> <!-- tests.Amazon -->
