<?xml version="1.0" encoding="UTF-8"?>
<!-- Generated by org.testng.reporters.JUnitReportReporter -->
<testsuite hostname="Lisandros-MacBook-Pro.local" failures="0" tests="2" name="tests.AmazonSearch" time="16.002" errors="0" timestamp="17 Dec 2021 18:23:21 GMT" skipped="0">
  <testcase classname="tests.AmazonSearch" name="AmazonSearch" time="9.072"/>
  <testcase classname="tests.AmazonSearch" name="selectItem" time="6.930"/>
</testsuite> <!-- tests.AmazonSearch -->
