<?xml version="1.0" encoding="UTF-8"?>
<!-- Generated by org.testng.reporters.JUnitReportReporter -->
<testsuite hostname="Lisandros-MacBook-Pro.local" failures="0" tests="2" name="tests.AmazonSearch" time="18.332" errors="0" timestamp="2021-12-16T17:37:02 CST" skipped="0">
  <testcase classname="tests.AmazonSearch" name="selectItem" time="7.616"/>
  <system-out/>
  <testcase classname="tests.AmazonSearch" name="AmazonSearch" time="10.716"/>
  <system-out/>
</testsuite> <!-- tests.AmazonSearch -->
