<?xml version="1.0" encoding="UTF-8"?>
<!-- Generated by org.testng.reporters.JUnitReportReporter -->
<testsuite hostname="Lisandros-MacBook-Pro.local" failures="0" tests="2" name="tests.Amazon" time="23.210" errors="0" timestamp="17 Dec 2021 23:25:46 GMT" skipped="0">
  <testcase classname="tests.Amazon" name="AmazonValidation" time="10.245"/>
  <testcase classname="tests.Amazon" name="Amazon" time="12.965"/>
</testsuite> <!-- tests.Amazon -->
