<?xml version="1.0" encoding="UTF-8"?>
<!-- Generated by org.testng.reporters.JUnitReportReporter -->
<testsuite hostname="Lisandros-MacBook-Pro.local" failures="0" tests="2" name="tests.Amazon" time="26.112" errors="0" timestamp="2021-12-16T17:37:02 CST" skipped="0">
  <testcase classname="tests.Amazon" name="Amazon" time="15.440"/>
  <system-out/>
  <testcase classname="tests.Amazon" name="AmazonValidation" time="10.672"/>
  <system-out/>
</testsuite> <!-- tests.Amazon -->
